Using pre-set license
Built from '2020.3/china_unity/release' branch; Version is '2020.3.3f1c1 (a34b99c2c582) revision 10701721'; Using compiler version '192528614'; Build Type 'Release'
OS: 'Windows 10 Enterprise; OS build 17763.1935; Version 1809; 64bit' Language: 'zh' Physical Memory: 32686 MB
BatchMode: 1, IsHumanControllingUs: 0, StartBugReporterOnCrash: 0, Is64bit: 1, IsPro: 0

 COMMAND LINE ARGUMENTS:
D:\software\Unity\Editor\Unity.exe
-adb2
-batchMode
-noUpm
-name
AssetImportWorker0
-projectPath
E:/Project/Unity/PersonTestProject
-logFile
Logs/AssetImportWorker0.log
-srvPort
50135
Successfully changed project path to: E:/Project/Unity/PersonTestProject
E:/Project/Unity/PersonTestProject
Using Asset Import Pipeline V2.
Refreshing native plugins compatible for Editor in 36.09 ms, found 1 plugins.
Preloading 0 native plugins for Editor in 0.00 ms.
Initialize engine version: 2020.3.3f1c1 (a34b99c2c582)
[Subsystems] Discovering subsystems at path D:/software/Unity/Editor/Data/Resources/UnitySubsystems
[Subsystems] Discovering subsystems at path E:/Project/Unity/PersonTestProject/Assets
GfxDevice: creating device client; threaded=0
Direct3D:
    Version:  Direct3D 11.0 [level 11.1]
    Renderer: NVIDIA GeForce GTX 1050 Ti (ID=0x1c82)
    Vendor:   
    VRAM:     4018 MB
    Driver:   27.21.14.5671
Initialize mono
Mono path[0] = 'D:/software/Unity/Editor/Data/Managed'
Mono path[1] = 'D:/software/Unity/Editor/Data/MonoBleedingEdge/lib/mono/unityjit'
Mono config path = 'D:/software/Unity/Editor/Data/MonoBleedingEdge/etc'
Using monoOptions --debugger-agent=transport=dt_socket,embedding=1,server=y,suspend=n,address=127.0.0.1:56432
Begin MonoManager ReloadAssembly
Registering precompiled unity dll's ...
Register platform support module: D:/software/Unity/Editor/Data/PlaybackEngines/WindowsStandaloneSupport/UnityEditor.WindowsStandalone.Extensions.dll
Registered in 0.000655 seconds.
Native extension for WindowsStandalone target not found
Refreshing native plugins compatible for Editor in 32.26 ms, found 1 plugins.
Preloading 0 native plugins for Editor in 0.00 ms.
Invoked RoslynAnalysisRunner static constructor.
RoslynAnalysisRunner will not be running.
RoslynAnalysisRunner has terminated.
Mono: successfully reloaded assembly
- Completed reload, in  0.585 seconds
Platform modules already initialized, skipping
Registering precompiled user dll's ...
Registered in 0.001739 seconds.
Begin MonoManager ReloadAssembly
OnLevelWasLoaded was found on Reporter
This message has been deprecated and will be removed in a later version of Unity.
Add a delegate to SceneManager.sceneLoaded instead to get notifications after scene loading has completed

Native extension for WindowsStandalone target not found
Refreshing native plugins compatible for Editor in 0.54 ms, found 1 plugins.
Preloading 0 native plugins for Editor in 0.00 ms.
Launched and connected shader compiler UnityShaderCompiler.exe after 0.03 seconds
Invoked RoslynAnalysisRunner static constructor.
RoslynAnalysisRunner will not be running.
RoslynAnalysisRunner has terminated.
Mono: successfully reloaded assembly
- Completed reload, in  0.771 seconds
Platform modules already initialized, skipping
========================================================================
Worker process is ready to serve import requests
Refreshing native plugins compatible for Editor in 0.52 ms, found 1 plugins.
Preloading 0 native plugins for Editor in 0.00 ms.
Unloading 1903 Unused Serialized files (Serialized files now loaded: 0)
System memory in use before: 134.1 MB.
System memory in use after: 132.7 MB.

Unloading 113 unused Assets to reduce memory usage. Loaded Objects now: 2280.
Total: 2.524600 ms (FindLiveObjects: 0.217900 ms CreateObjectMapping: 0.194300 ms MarkObjects: 1.214600 ms  DeleteObjects: 0.897300 ms)

========================================================================
Received Import Request.
  path: Assets/DownloadTextureReturnSprite/DownloadTextureReturnSprite.unity
  artifactKey: Guid(97c5ee6dcc0d24c01a1b50b9d65f5689) Importer(815301076,1909f56bfc062723c751e8b465ee728b)
Start importing Assets/DownloadTextureReturnSprite/DownloadTextureReturnSprite.unity using Guid(97c5ee6dcc0d24c01a1b50b9d65f5689) Importer(815301076,1909f56bfc062723c751e8b465ee728b)  -> (artifact id: '582b2af183aaf1cf0bb8873534ad4bd2') in 0.012151 seconds
  Import took 0.018342 seconds .

========================================================================
Received Import Request.
  Time since last request: 0.001872 seconds.
  path: Assets/DownloadTextureReturnSprite/DownloadTextureReturnSprite.unity
  artifactKey: Guid(97c5ee6dcc0d24c01a1b50b9d65f5689) Importer(815301076,1909f56bfc062723c751e8b465ee728b)
Start importing Assets/DownloadTextureReturnSprite/DownloadTextureReturnSprite.unity using Guid(97c5ee6dcc0d24c01a1b50b9d65f5689) Importer(815301076,1909f56bfc062723c751e8b465ee728b)  -> (artifact id: '582b2af183aaf1cf0bb8873534ad4bd2') in 0.002526 seconds
  Import took 0.004923 seconds .

========================================================================
Received Import Request.
  Time since last request: 6.280074 seconds.
  path: Assets/DownloadTextureReturnSprite/DownloadTextureReturnSprite.cs
  artifactKey: Guid(1230ed66bab9741629b13a53e17ae5a5) Importer(815301076,1909f56bfc062723c751e8b465ee728b)
Start importing Assets/DownloadTextureReturnSprite/DownloadTextureReturnSprite.cs using Guid(1230ed66bab9741629b13a53e17ae5a5) Importer(815301076,1909f56bfc062723c751e8b465ee728b)  -> (artifact id: '6c50e0a4afac215010d5dd7cd47c6cc6') in 0.017868 seconds
  Import took 0.028396 seconds .

========================================================================
Received Import Request.
  Time since last request: 0.000230 seconds.
  path: Assets/DownloadTextureReturnSprite/DownloadTextureReturnSprite.cs
  artifactKey: Guid(1230ed66bab9741629b13a53e17ae5a5) Importer(815301076,1909f56bfc062723c751e8b465ee728b)
Start importing Assets/DownloadTextureReturnSprite/DownloadTextureReturnSprite.cs using Guid(1230ed66bab9741629b13a53e17ae5a5) Importer(815301076,1909f56bfc062723c751e8b465ee728b)  -> (artifact id: '6c50e0a4afac215010d5dd7cd47c6cc6') in 0.001509 seconds
  Import took 0.003715 seconds .

========================================================================
Received Prepare
Registering precompiled user dll's ...
Registered in 0.002065 seconds.
Begin MonoManager ReloadAssembly
Native extension for WindowsStandalone target not found
Refreshing native plugins compatible for Editor in 0.54 ms, found 1 plugins.
Preloading 0 native plugins for Editor in 0.00 ms.
Invoked RoslynAnalysisRunner static constructor.
RoslynAnalysisRunner will not be running.
RoslynAnalysisRunner has terminated.
Mono: successfully reloaded assembly
- Completed reload, in  0.629 seconds
Platform modules already initialized, skipping
OnLevelWasLoaded was found on Reporter
This message has been deprecated and will be removed in a later version of Unity.
Add a delegate to SceneManager.sceneLoaded instead to get notifications after scene loading has completed

Refreshing native plugins compatible for Editor in 0.53 ms, found 1 plugins.
Preloading 0 native plugins for Editor in 0.00 ms.
Unloading 1873 Unused Serialized files (Serialized files now loaded: 0)
System memory in use before: 129.5 MB.
System memory in use after: 128.2 MB.

Unloading 104 unused Assets to reduce memory usage. Loaded Objects now: 2315.
Total: 2.430700 ms (FindLiveObjects: 0.207400 ms CreateObjectMapping: 0.064000 ms MarkObjects: 1.212200 ms  DeleteObjects: 0.946500 ms)

========================================================================
Received Import Request.
  Time since last request: 25.957463 seconds.
  path: Assets/DynamicCreateUVTexture/DynamicCreateUVTexture.unity
  artifactKey: Guid(e01be0675fcbf9946a7df8cd3e375080) Importer(815301076,1909f56bfc062723c751e8b465ee728b)
Start importing Assets/DynamicCreateUVTexture/DynamicCreateUVTexture.unity using Guid(e01be0675fcbf9946a7df8cd3e375080) Importer(815301076,1909f56bfc062723c751e8b465ee728b)  -> (artifact id: '607cb1e169dc63d88a06086f58b7553c') in 0.014568 seconds
  Import took 0.017319 seconds .

========================================================================
Received Prepare
Registering precompiled user dll's ...
Registered in 0.001638 seconds.
Begin MonoManager ReloadAssembly
Native extension for WindowsStandalone target not found
Refreshing native plugins compatible for Editor in 0.54 ms, found 1 plugins.
Preloading 0 native plugins for Editor in 0.00 ms.
Invoked RoslynAnalysisRunner static constructor.
RoslynAnalysisRunner will not be running.
RoslynAnalysisRunner has terminated.
Mono: successfully reloaded assembly
- Completed reload, in  0.623 seconds
Platform modules already initialized, skipping
OnLevelWasLoaded was found on Reporter
This message has been deprecated and will be removed in a later version of Unity.
Add a delegate to SceneManager.sceneLoaded instead to get notifications after scene loading has completed

Refreshing native plugins compatible for Editor in 0.56 ms, found 1 plugins.
Preloading 0 native plugins for Editor in 0.00 ms.
Unloading 1841 Unused Serialized files (Serialized files now loaded: 0)
System memory in use before: 128.5 MB.
System memory in use after: 127.3 MB.

Unloading 104 unused Assets to reduce memory usage. Loaded Objects now: 2318.
Total: 2.465900 ms (FindLiveObjects: 0.176300 ms CreateObjectMapping: 0.056500 ms MarkObjects: 1.233600 ms  DeleteObjects: 0.998900 ms)

========================================================================
Received Import Request.
  Time since last request: 28.350701 seconds.
  path: Assets/EditorRightButtonCreateObj
  artifactKey: Guid(7bc021dd1854941c0ae8da422014c2c6) Importer(815301076,1909f56bfc062723c751e8b465ee728b)
Start importing Assets/EditorRightButtonCreateObj using Guid(7bc021dd1854941c0ae8da422014c2c6) Importer(815301076,1909f56bfc062723c751e8b465ee728b)  -> (artifact id: '8b19121520e1d4c08855b1274b5bdef1') in 0.009508 seconds
  Import took 0.012871 seconds .

========================================================================
Received Import Request.
  Time since last request: 3.969704 seconds.
  path: Assets/EventDispatcher/Dispatcher.cs
  artifactKey: Guid(8a38c37b2b8ed49559cbfc042e011b31) Importer(815301076,1909f56bfc062723c751e8b465ee728b)
Start importing Assets/EventDispatcher/Dispatcher.cs using Guid(8a38c37b2b8ed49559cbfc042e011b31) Importer(815301076,1909f56bfc062723c751e8b465ee728b)  -> (artifact id: 'abbb37ebd3e169339a145c17753d307b') in 0.004224 seconds
  Import took 0.006712 seconds .

========================================================================
Received Prepare
Registering precompiled user dll's ...
Registered in 0.001796 seconds.
Begin MonoManager ReloadAssembly
Native extension for WindowsStandalone target not found
Refreshing native plugins compatible for Editor in 0.60 ms, found 1 plugins.
Preloading 0 native plugins for Editor in 0.00 ms.
Invoked RoslynAnalysisRunner static constructor.
RoslynAnalysisRunner will not be running.
RoslynAnalysisRunner has terminated.
Mono: successfully reloaded assembly
- Completed reload, in  0.654 seconds
Platform modules already initialized, skipping
OnLevelWasLoaded was found on Reporter
This message has been deprecated and will be removed in a later version of Unity.
Add a delegate to SceneManager.sceneLoaded instead to get notifications after scene loading has completed

Refreshing native plugins compatible for Editor in 0.54 ms, found 1 plugins.
Preloading 0 native plugins for Editor in 0.00 ms.
Unloading 1841 Unused Serialized files (Serialized files now loaded: 0)
System memory in use before: 128.6 MB.
System memory in use after: 127.3 MB.

Unloading 104 unused Assets to reduce memory usage. Loaded Objects now: 2321.
Total: 2.980700 ms (FindLiveObjects: 0.238300 ms CreateObjectMapping: 0.079600 ms MarkObjects: 1.321600 ms  DeleteObjects: 1.340600 ms)

========================================================================
Received Import Request.
  Time since last request: 46.801085 seconds.
  path: Assets/Genetic/Example1
  artifactKey: Guid(25e8a8e6ef5ec884999952af33c0d4a4) Importer(815301076,1909f56bfc062723c751e8b465ee728b)
Start importing Assets/Genetic/Example1 using Guid(25e8a8e6ef5ec884999952af33c0d4a4) Importer(815301076,1909f56bfc062723c751e8b465ee728b)  -> (artifact id: '09aad6c921b55815c8730748fec06486') in 0.008002 seconds
  Import took 0.033021 seconds .

========================================================================
Received Prepare
Registering precompiled user dll's ...
Registered in 0.001827 seconds.
Begin MonoManager ReloadAssembly
Native extension for WindowsStandalone target not found
Refreshing native plugins compatible for Editor in 0.58 ms, found 1 plugins.
Preloading 0 native plugins for Editor in 0.00 ms.
Invoked RoslynAnalysisRunner static constructor.
RoslynAnalysisRunner will not be running.
RoslynAnalysisRunner has terminated.
Mono: successfully reloaded assembly
- Completed reload, in  0.643 seconds
Platform modules already initialized, skipping
OnLevelWasLoaded was found on Reporter
This message has been deprecated and will be removed in a later version of Unity.
Add a delegate to SceneManager.sceneLoaded instead to get notifications after scene loading has completed

Refreshing native plugins compatible for Editor in 0.55 ms, found 1 plugins.
Preloading 0 native plugins for Editor in 0.00 ms.
Unloading 1841 Unused Serialized files (Serialized files now loaded: 0)
System memory in use before: 128.5 MB.
System memory in use after: 127.3 MB.

Unloading 104 unused Assets to reduce memory usage. Loaded Objects now: 2324.
Total: 3.134200 ms (FindLiveObjects: 0.204700 ms CreateObjectMapping: 0.073600 ms MarkObjects: 1.801200 ms  DeleteObjects: 1.054000 ms)

========================================================================
Received Prepare
Registering precompiled user dll's ...
Registered in 0.001668 seconds.
Begin MonoManager ReloadAssembly
Native extension for WindowsStandalone target not found
Refreshing native plugins compatible for Editor in 0.57 ms, found 1 plugins.
Preloading 0 native plugins for Editor in 0.00 ms.
Invoked RoslynAnalysisRunner static constructor.
RoslynAnalysisRunner will not be running.
RoslynAnalysisRunner has terminated.
Mono: successfully reloaded assembly
- Completed reload, in  0.629 seconds
Platform modules already initialized, skipping
OnLevelWasLoaded was found on Reporter
This message has been deprecated and will be removed in a later version of Unity.
Add a delegate to SceneManager.sceneLoaded instead to get notifications after scene loading has completed

Refreshing native plugins compatible for Editor in 0.61 ms, found 1 plugins.
Preloading 0 native plugins for Editor in 0.00 ms.
Unloading 1841 Unused Serialized files (Serialized files now loaded: 0)
System memory in use before: 128.5 MB.
System memory in use after: 127.3 MB.

Unloading 104 unused Assets to reduce memory usage. Loaded Objects now: 2327.
Total: 3.003000 ms (FindLiveObjects: 0.313900 ms CreateObjectMapping: 0.085000 ms MarkObjects: 1.510800 ms  DeleteObjects: 1.092200 ms)

========================================================================
Received Import Request.
  Time since last request: 82.429202 seconds.
  path: Assets/Lua/main.lua
  artifactKey: Guid(484ef338833b40046b36c2f5370415fb) Importer(815301076,1909f56bfc062723c751e8b465ee728b)
Start importing Assets/Lua/main.lua using Guid(484ef338833b40046b36c2f5370415fb) Importer(815301076,1909f56bfc062723c751e8b465ee728b)  -> (artifact id: 'bad1cb1b66677c5038a4752f438b31e1') in 0.016453 seconds
  Import took 0.019057 seconds .

========================================================================
Received Import Request.
  Time since last request: 24.097694 seconds.
  path: Assets/SignedDistanceField/sdf
  artifactKey: Guid(85f722ac6dd474943a9aac4287e56d56) Importer(815301076,1909f56bfc062723c751e8b465ee728b)
Start importing Assets/SignedDistanceField/sdf using Guid(85f722ac6dd474943a9aac4287e56d56) Importer(815301076,1909f56bfc062723c751e8b465ee728b)  -> (artifact id: '8e9367b8ed5d3616f9e1a072321e36ae') in 0.005657 seconds
  Import took 0.008204 seconds .

